<?xml version="1.0" encoding="UTF-8"?>
<coverage generated="1672472757353" clover="3.2.0">
  <project timestamp="1672472757353" name="All files">
    <metrics statements="32" coveredstatements="32" conditionals="8" coveredconditionals="8" methods="3" coveredmethods="3" elements="43" coveredelements="43" complexity="0" loc="32" ncloc="32" packages="1" files="1" classes="1"/>
    <file name="helpers.ts" path="C:\Users\geeke\Dev\budgetron9000\client\src\pages\dashboard\helpers.ts">
      <metrics statements="32" coveredstatements="32" conditionals="8" coveredconditionals="8" methods="3" coveredmethods="3"/>
      <line num="7" count="1" type="stmt"/>
      <line num="9" count="1" type="stmt"/>
      <line num="10" count="20" type="stmt"/>
      <line num="11" count="20" type="stmt"/>
      <line num="12" count="20" type="stmt"/>
      <line num="13" count="20" type="stmt"/>
      <line num="14" count="560" type="cond" truecount="2" falsecount="0"/>
      <line num="15" count="20" type="stmt"/>
      <line num="17" count="540" type="stmt"/>
      <line num="20" count="20" type="stmt"/>
      <line num="23" count="1" type="stmt"/>
      <line num="24" count="17" type="stmt"/>
      <line num="30" count="17" type="stmt"/>
      <line num="31" count="17" type="stmt"/>
      <line num="32" count="17" type="stmt"/>
      <line num="33" count="17" type="stmt"/>
      <line num="34" count="17" type="stmt"/>
      <line num="35" count="17" type="stmt"/>
      <line num="36" count="17" type="stmt"/>
      <line num="37" count="17" type="stmt"/>
      <line num="38" count="17" type="stmt"/>
      <line num="39" count="48" type="stmt"/>
      <line num="41" count="17" type="stmt"/>
      <line num="42" count="64" type="stmt"/>
      <line num="44" count="17" type="stmt"/>
      <line num="45" count="85" type="cond" truecount="2" falsecount="0"/>
      <line num="51" count="1" type="stmt"/>
      <line num="53" count="84" type="stmt"/>
      <line num="54" count="84" type="stmt"/>
      <line num="56" count="17" type="stmt"/>
      <line num="59" count="1" type="stmt"/>
      <line num="60" count="9" type="stmt"/>
    </file>
  </project>
</coverage>
