{"C:\\Users\\geeke\\Dev\\budgetron9000\\client\\src\\pages\\dashboard\\helpers.ts": {"path":"C:\\Users\\geeke\\Dev\\budgetron9000\\client\\src\\pages\\dashboard\\helpers.ts","statementMap":{"0":{"start":{"line":7,"column":32},"end":{"line":7,"column":43}},"1":{"start":{"line":9,"column":31},"end":{"line":21,"column":1}},"2":{"start":{"line":10,"column":24},"end":{"line":10,"column":26}},"3":{"start":{"line":11,"column":24},"end":{"line":11,"column":42}},"4":{"start":{"line":12,"column":23},"end":{"line":12,"column":40}},"5":{"start":{"line":13,"column":2},"end":{"line":19,"column":3}},"6":{"start":{"line":13,"column":15},"end":{"line":13,"column":16}},"7":{"start":{"line":14,"column":4},"end":{"line":18,"column":5}},"8":{"start":{"line":15,"column":6},"end":{"line":15,"column":29}},"9":{"start":{"line":17,"column":6},"end":{"line":17,"column":50}},"10":{"start":{"line":20,"column":2},"end":{"line":20,"column":13}},"11":{"start":{"line":23,"column":32},"end":{"line":57,"column":1}},"12":{"start":{"line":24,"column":31},"end":{"line":29,"column":3}},"13":{"start":{"line":30,"column":15},"end":{"line":30,"column":36}},"14":{"start":{"line":31,"column":23},"end":{"line":31,"column":30}},"15":{"start":{"line":32,"column":32},"end":{"line":32,"column":66}},"16":{"start":{"line":33,"column":29},"end":{"line":33,"column":54}},"17":{"start":{"line":34,"column":24},"end":{"line":34,"column":42}},"18":{"start":{"line":35,"column":21},"end":{"line":35,"column":44}},"19":{"start":{"line":36,"column":30},"end":{"line":36,"column":62}},"20":{"start":{"line":37,"column":27},"end":{"line":37,"column":50}},"21":{"start":{"line":38,"column":2},"end":{"line":40,"column":3}},"22":{"start":{"line":38,"column":15},"end":{"line":38,"column":17}},"23":{"start":{"line":39,"column":4},"end":{"line":39,"column":44}},"24":{"start":{"line":41,"column":2},"end":{"line":43,"column":3}},"25":{"start":{"line":41,"column":15},"end":{"line":41,"column":16}},"26":{"start":{"line":42,"column":4},"end":{"line":42,"column":39}},"27":{"start":{"line":44,"column":2},"end":{"line":55,"column":3}},"28":{"start":{"line":44,"column":15},"end":{"line":44,"column":16}},"29":{"start":{"line":45,"column":4},"end":{"line":52,"column":5}},"30":{"start":{"line":51,"column":6},"end":{"line":51,"column":11}},"31":{"start":{"line":53,"column":17},"end":{"line":53,"column":34}},"32":{"start":{"line":54,"column":4},"end":{"line":54,"column":19}},"33":{"start":{"line":56,"column":2},"end":{"line":56,"column":14}},"34":{"start":{"line":59,"column":32},"end":{"line":65,"column":1}},"35":{"start":{"line":60,"column":2},"end":{"line":64,"column":3}}},"fnMap":{"0":{"name":"(anonymous_0)","decl":{"start":{"line":9,"column":31},"end":{"line":9,"column":32}},"loc":{"start":{"line":9,"column":57},"end":{"line":21,"column":1}},"line":9},"1":{"name":"(anonymous_1)","decl":{"start":{"line":23,"column":32},"end":{"line":23,"column":33}},"loc":{"start":{"line":23,"column":64},"end":{"line":57,"column":1}},"line":23},"2":{"name":"(anonymous_2)","decl":{"start":{"line":59,"column":32},"end":{"line":59,"column":33}},"loc":{"start":{"line":59,"column":64},"end":{"line":65,"column":1}},"line":59}},"branchMap":{"0":{"loc":{"start":{"line":14,"column":4},"end":{"line":18,"column":5}},"type":"if","locations":[{"start":{"line":14,"column":4},"end":{"line":18,"column":5}},{"start":{"line":16,"column":11},"end":{"line":18,"column":5}}],"line":14},"1":{"loc":{"start":{"line":45,"column":4},"end":{"line":52,"column":5}},"type":"if","locations":[{"start":{"line":45,"column":4},"end":{"line":52,"column":5}},{"start":{},"end":{}}],"line":45},"2":{"loc":{"start":{"line":46,"column":6},"end":{"line":49,"column":24}},"type":"binary-expr","locations":[{"start":{"line":46,"column":6},"end":{"line":46,"column":13}},{"start":{"line":47,"column":6},"end":{"line":47,"column":26}},{"start":{"line":48,"column":6},"end":{"line":48,"column":33}},{"start":{"line":49,"column":6},"end":{"line":49,"column":24}}],"line":46}},"s":{"0":1,"1":1,"2":20,"3":20,"4":20,"5":20,"6":20,"7":560,"8":20,"9":540,"10":20,"11":1,"12":17,"13":17,"14":17,"15":17,"16":17,"17":17,"18":17,"19":17,"20":17,"21":17,"22":17,"23":48,"24":17,"25":17,"26":64,"27":17,"28":17,"29":85,"30":1,"31":84,"32":84,"33":17,"34":1,"35":9},"f":{"0":20,"1":17,"2":9},"b":{"0":[20,540],"1":[1,84],"2":[85,17,17,1]},"_coverageSchema":"1a1c01bbd47fc00a2c39e90264f33305004495a9","hash":"9bf8dd35c33c429f79e363e3cd604ab17a08548e"}
}
