TN:
SF:client\src\pages\dashboard\helpers.ts
FN:9,(anonymous_0)
FN:23,(anonymous_1)
FN:59,(anonymous_2)
FNF:3
FNH:3
FNDA:20,(anonymous_0)
FNDA:17,(anonymous_1)
FNDA:9,(anonymous_2)
DA:7,1
DA:9,1
DA:10,20
DA:11,20
DA:12,20
DA:13,20
DA:14,560
DA:15,20
DA:17,540
DA:20,20
DA:23,1
DA:24,17
DA:30,17
DA:31,17
DA:32,17
DA:33,17
DA:34,17
DA:35,17
DA:36,17
DA:37,17
DA:38,17
DA:39,48
DA:41,17
DA:42,64
DA:44,17
DA:45,85
DA:51,1
DA:53,84
DA:54,84
DA:56,17
DA:59,1
DA:60,9
LF:32
LH:32
BRDA:14,0,0,20
BRDA:14,0,1,540
BRDA:45,1,0,1
BRDA:45,1,1,84
BRDA:46,2,0,85
BRDA:46,2,1,17
BRDA:46,2,2,17
BRDA:46,2,3,1
BRF:8
BRH:8
end_of_record
